<?xml version="1.0" encoding="UTF-8"?>
<!-- Generated by org.testng.reporters.JUnitXMLReporter -->
<testsuite ignored="0" hostname="TIBCO-PG02TYVD" failures="0" tests="4" name="Default test" time="0.046" errors="0" timestamp="2024-04-17T14:45:43 IST">
  <testcase classname="TestNG.Duplicate_Priority" name="m3" time="0.007"/>
  <testcase classname="TestNG.Duplicate_Priority" name="m4" time="0.001"/>
  <testcase classname="TestNG.Duplicate_Priority" name="m1" time="0.001"/>
  <testcase classname="TestNG.Duplicate_Priority" name="m2" time="0.001"/>
</testsuite> <!-- Default test -->
