<?xml version="1.0" encoding="UTF-8"?>
<!-- Generated by org.testng.reporters.JUnitXMLReporter -->
<testsuite ignored="3" hostname="TIBCO-PG02TYVD" failures="0" tests="1" name="Test(failed)(failed)" time="0.041" errors="0" timestamp="2024-02-09T21:41:42 IST">
  <testcase classname="TestNG.SampleTest_FailedTest" name="TC4" time="0.007"/>
  <testcase classname="TestNG.SampleTest_FailedTest" name="TC1" time="0.0">
    <ignored/>
  </testcase> <!-- TC1 -->
  <testcase classname="TestNG.SampleTest_FailedTest" name="TC3" time="0.0">
    <ignored/>
  </testcase> <!-- TC3 -->
  <testcase classname="TestNG.SampleTest_FailedTest" name="TC2" time="0.0">
    <ignored/>
  </testcase> <!-- TC2 -->
</testsuite> <!-- Test(failed)(failed) -->
