<?xml version="1.0" encoding="UTF-8"?>
<!-- Generated by org.testng.reporters.JUnitXMLReporter -->
<testsuite ignored="0" hostname="TIBCO-PG02TYVD" failures="1" tests="4" name="Test" time="0.044" errors="0" timestamp="2024-02-09T21:39:41 IST">
  <testcase classname="TestNG.SampleTest_FailedTest" name="TC1" time="0.006"/>
  <testcase classname="TestNG.SampleTest_FailedTest" name="TC2" time="0.0"/>
  <testcase classname="TestNG.SampleTest_FailedTest" name="TC3" time="0.0"/>
  <testcase classname="TestNG.SampleTest_FailedTest" name="TC4" time="0.001">
    <failure type="java.lang.Error" message="Unresolved compilation problem: 
	Syntax error, insert &amp;quot;;&amp;quot; to complete BlockStatements
">
      <![CDATA[java.lang.Error: Unresolved compilation problem: 
Syntax error, insert ";" to complete BlockStatements

at TestNG.SampleTest_FailedTest.TC4(SampleTest_FailedTest.java:28)
at java.base/java.util.ArrayList.forEach(ArrayList.java:1511)
... Removed 27 stack frames]]>
    </failure>
  </testcase> <!-- TC4 -->
</testsuite> <!-- Test -->
