<?xml version="1.0" encoding="UTF-8"?>
<testng-results ignored="0" total="4" passed="4" failed="0" skipped="0">
  <reporter-output>
  </reporter-output>
  <suite started-at="2024-04-17T14:45:43 IST" name="Default suite" finished-at="2024-04-17T14:45:43 IST" duration-ms="46">
    <groups>
    </groups>
    <test started-at="2024-04-17T14:45:43 IST" name="Default test" finished-at="2024-04-17T14:45:43 IST" duration-ms="46">
      <class name="TestNG.Duplicate_Priority">
        <test-method signature="m3()[pri:0, instance:TestNG.Duplicate_Priority@2d52216b]" started-at="2024-04-17T14:45:43 IST" name="m3" finished-at="2024-04-17T14:45:43 IST" duration-ms="7" status="PASS">
          <reporter-output>
          </reporter-output>
        </test-method> <!-- m3 -->
        <test-method signature="m4()[pri:0, instance:TestNG.Duplicate_Priority@2d52216b]" started-at="2024-04-17T14:45:43 IST" name="m4" finished-at="2024-04-17T14:45:43 IST" duration-ms="1" status="PASS">
          <reporter-output>
          </reporter-output>
        </test-method> <!-- m4 -->
        <test-method signature="m1()[pri:1, instance:TestNG.Duplicate_Priority@2d52216b]" started-at="2024-04-17T14:45:43 IST" name="m1" finished-at="2024-04-17T14:45:43 IST" duration-ms="1" status="PASS">
          <reporter-output>
          </reporter-output>
        </test-method> <!-- m1 -->
        <test-method signature="m2()[pri:1, instance:TestNG.Duplicate_Priority@2d52216b]" started-at="2024-04-17T14:45:43 IST" name="m2" finished-at="2024-04-17T14:45:43 IST" duration-ms="1" status="PASS">
          <reporter-output>
          </reporter-output>
        </test-method> <!-- m2 -->
      </class> <!-- TestNG.Duplicate_Priority -->
    </test> <!-- Default test -->
  </suite> <!-- Default suite -->
</testng-results>
