<?xml version="1.0" encoding="UTF-8"?>
<!-- Generated by org.testng.reporters.JUnitXMLReporter -->
<testsuite ignored="2" hostname="TIBCO-PG02TYVD" failures="0" tests="3" name="Test" time="0.052" errors="0" timestamp="2024-02-06T18:32:31 IST">
  <testcase classname="TestNG.DisableTCExecutionFrom_TestSuite" name="TC2" time="0.012"/>
  <testcase classname="TestNG.DisableTCExecutionFrom_TestSuite" name="TC3" time="0.002"/>
  <testcase classname="TestNG.DisableTCExecutionFrom_TestSuite" name="TC4" time="0.002"/>
  <testcase classname="TestNG.DisableTCExecutionFrom_TestSuite" name="TC1" time="0.0">
    <ignored/>
  </testcase> <!-- TC1 -->
  <testcase classname="TestNG.DisableTCExecutionFrom_TestSuite" name="TC5" time="0.0">
    <ignored/>
  </testcase> <!-- TC5 -->
</testsuite> <!-- Test -->
